<?xml version="1.0" encoding="UTF-8"?>
<!-- Generated by org.testng.reporters.JUnitReportReporter -->
<testsuite hostname="DESKTOP-E04GLGP" failures="0" tests="2" name="testcasepkg1.TestCaseNew" time="11.373" errors="0" timestamp="2022-12-28T16:44:58 IST" skipped="0">
  <testcase classname="testcasepkg1.TestCaseNew" name="toValidateSuccesspage" time="7.577"/>
  <system-out/>
  <testcase classname="testcasepkg1.TestCaseNew" name="toValidateLogout" time="3.796"/>
  <system-out/>
</testsuite> <!-- testcasepkg1.TestCaseNew -->
